<?xml version="1.0" encoding="UTF-8"?>
<!-- Generated by org.testng.reporters.JUnitReportReporter -->
<testsuite hostname="LAPTOP-1CIBB2A9" failures="0" tests="1" name="test01.TestClass2" time="33.307" errors="0" timestamp="2022-09-13T16:25:20 IST" skipped="0">
  <testcase classname="test01.TestClass2" name="searchFunctionality" time="33.307"/>
  <system-out/>
</testsuite> <!-- test01.TestClass2 -->
