<?xml version="1.0" encoding="UTF-8"?>
<!-- Generated by org.testng.reporters.JUnitReportReporter -->
<testsuite hostname="LAPTOP-1CIBB2A9" failures="0" tests="4" name="test01.TestClass1Flipkart" time="149.815" errors="0" timestamp="2022-09-20T11:26:44 IST" skipped="0">
  <testcase classname="test01.TestClass1Flipkart" name="addToCart" time="52.706"/>
  <system-out/>
  <testcase classname="test01.TestClass1Flipkart" name="removecart" time="24.918"/>
  <system-out/>
  <testcase classname="test01.TestClass1Flipkart" name="removecart" time="25.313"/>
  <system-out/>
  <testcase classname="test01.TestClass1Flipkart" name="addToCart" time="46.878"/>
  <system-out/>
</testsuite> <!-- test01.TestClass1Flipkart -->
