<?xml version="1.0" encoding="UTF-8"?>
<!-- Generated by org.testng.reporters.JUnitReportReporter -->
<testsuite hostname="LAPTOP-1CIBB2A9" failures="0" tests="2" name="test01.TestClass1" time="76.139" errors="0" timestamp="2022-09-13T16:27:14 IST" skipped="0">
  <testcase classname="test01.TestClass1" name="addToCart" time="47.664"/>
  <system-out/>
  <testcase classname="test01.TestClass1" name="removecart" time="28.475"/>
  <system-out/>
</testsuite> <!-- test01.TestClass1 -->
