<?xml version="1.0" encoding="UTF-8"?>
<!-- Generated by org.testng.reporters.JUnitReportReporter -->
<testsuite hostname="LAPTOP-1CIBB2A9" failures="0" tests="2" name="test01.TestNG" time="78.810" errors="0" timestamp="2022-09-12T23:26:41 IST" skipped="0">
  <testcase classname="test01.TestNG" name="addToCart" time="50.364"/>
  <system-out/>
  <testcase classname="test01.TestNG" name="removecart" time="28.446"/>
  <system-out/>
</testsuite> <!-- test01.TestNG -->
